2018-06-03 11:12:39,447 [Thread-2:19660] [blog.views:11] [views:index] [ERROR]- [Errno 2] No such file or directory: 'sss.txt'
2018-06-03 11:23:59,371 [Thread-2:8796] [blog.views:18] [views:index] [ERROR]- [Errno 2] No such file or directory: 'sss.txt'
2018-06-03 11:24:30,320 [Thread-2:15748] [blog.views:18] [views:index] [ERROR]- [Errno 2] No such file or directory: 'sss.txt'
2018-06-03 13:21:19,665 [Thread-2:5124] [blog.views:18] [views:index] [ERROR]- [Errno 2] No such file or directory: 'sss.txt'
2018-06-03 14:00:22,263 [Thread-2:12016] [blog.views:18] [views:index] [ERROR]- [Errno 2] No such file or directory: 'sss.txt'
2018-06-03 16:52:14,999 [Thread-2:5336] [blog.views:18] [views:index] [ERROR]- [Errno 2] No such file or directory: 'sss.txt'
2018-06-03 17:12:58,845 [Thread-4:15936] [blog.views:19] [views:index] [ERROR]- [Errno 2] No such file or directory: 'sss.txt'
2018-06-03 17:14:18,230 [Thread-6:3308] [blog.views:19] [views:index] [ERROR]- [Errno 2] No such file or directory: 'sss.txt'
2018-06-03 18:50:18,223 [Thread-2:15412] [blog.views:19] [views:index] [ERROR]- [Errno 2] No such file or directory: 'sss.txt'
2018-06-03 18:50:27,335 [Thread-25:7852] [blog.views:19] [views:index] [ERROR]- [Errno 2] No such file or directory: 'sss.txt'
2018-06-03 18:50:32,571 [Thread-27:16736] [blog.views:19] [views:index] [ERROR]- [Errno 2] No such file or directory: 'sss.txt'
2018-06-03 18:51:10,060 [Thread-3:20332] [blog.views:19] [views:index] [ERROR]- [Errno 2] No such file or directory: 'sss.txt'
2018-06-03 18:51:14,119 [Thread-4:20412] [blog.views:19] [views:index] [ERROR]- [Errno 2] No such file or directory: 'sss.txt'
2018-06-03 19:18:44,608 [Thread-2:13124] [blog.views:19] [views:index] [ERROR]- [Errno 2] No such file or directory: 'sss.txt'
2018-06-03 19:19:17,657 [Thread-2:6324] [blog.views:19] [views:index] [ERROR]- [Errno 2] No such file or directory: 'sss.txt'
2018-06-03 19:20:49,861 [Thread-8:9512] [blog.views:19] [views:index] [ERROR]- [Errno 2] No such file or directory: 'sss.txt'
2018-06-03 19:21:06,990 [Thread-14:2096] [blog.views:19] [views:index] [ERROR]- [Errno 2] No such file or directory: 'sss.txt'
2018-06-03 19:21:36,184 [Thread-2:19980] [blog.views:19] [views:index] [ERROR]- [Errno 2] No such file or directory: 'sss.txt'
2018-06-03 19:23:22,807 [Thread-2:6156] [blog.views:19] [views:index] [ERROR]- [Errno 2] No such file or directory: 'sss.txt'
2018-06-03 19:24:05,804 [Thread-7:2836] [blog.views:19] [views:index] [ERROR]- [Errno 2] No such file or directory: 'sss.txt'
2018-06-03 19:24:07,147 [Thread-8:17776] [blog.views:19] [views:index] [ERROR]- [Errno 2] No such file or directory: 'sss.txt'
2018-06-03 19:24:08,108 [Thread-9:18568] [blog.views:19] [views:index] [ERROR]- [Errno 2] No such file or directory: 'sss.txt'
2018-06-03 19:24:22,573 [Thread-14:1712] [blog.views:19] [views:index] [ERROR]- [Errno 2] No such file or directory: 'sss.txt'
2018-06-03 19:24:59,957 [Thread-18:8068] [blog.views:19] [views:index] [ERROR]- [Errno 2] No such file or directory: 'sss.txt'
2018-06-03 19:25:22,695 [Thread-22:14412] [blog.views:19] [views:index] [ERROR]- [Errno 2] No such file or directory: 'sss.txt'
2018-06-03 19:27:36,839 [Thread-30:20220] [blog.views:19] [views:index] [ERROR]- [Errno 2] No such file or directory: 'sss.txt'
2018-06-03 19:27:42,105 [Thread-31:1748] [blog.views:19] [views:index] [ERROR]- [Errno 2] No such file or directory: 'sss.txt'
2018-06-03 19:27:43,934 [Thread-32:9068] [blog.views:19] [views:index] [ERROR]- [Errno 2] No such file or directory: 'sss.txt'
2018-06-03 19:27:48,457 [Thread-36:10524] [blog.views:19] [views:index] [ERROR]- [Errno 2] No such file or directory: 'sss.txt'
2018-06-03 19:27:50,289 [Thread-37:4744] [blog.views:19] [views:index] [ERROR]- [Errno 2] No such file or directory: 'sss.txt'
2018-06-03 19:33:20,163 [Thread-2:11956] [blog.views:18] [views:index] [ERROR]- name 'Category' is not defined
2018-06-03 20:29:06,386 [Thread-3:9352] [blog.views:32] [views:index] [ERROR]- 'int' object has no attribute 'GET'
2018-06-03 20:29:06,406 [Thread-3:9352] [blog.views:32] [views:index] [ERROR]- 'int' object has no attribute 'META'
2018-06-03 20:29:50,365 [Thread-41:5196] [blog.views:32] [views:index] [ERROR]- 'int' object has no attribute 'GET'
2018-06-03 20:29:50,368 [Thread-41:5196] [blog.views:32] [views:index] [ERROR]- 'int' object has no attribute 'META'
2018-06-03 20:29:51,904 [Thread-42:5672] [blog.views:32] [views:index] [ERROR]- 'int' object has no attribute 'GET'
2018-06-03 20:29:51,906 [Thread-42:5672] [blog.views:32] [views:index] [ERROR]- 'int' object has no attribute 'META'
2018-06-03 20:30:37,662 [Thread-48:12032] [blog.views:32] [views:index] [ERROR]- 'int' object has no attribute 'GET'
2018-06-03 20:30:37,665 [Thread-48:12032] [blog.views:32] [views:index] [ERROR]- 'int' object has no attribute 'META'
2018-06-03 20:30:39,965 [Thread-49:9328] [blog.views:32] [views:index] [ERROR]- 'int' object has no attribute 'GET'
2018-06-03 20:30:39,967 [Thread-49:9328] [blog.views:32] [views:index] [ERROR]- 'int' object has no attribute 'META'
2018-06-03 20:30:41,907 [Thread-50:6444] [blog.views:32] [views:index] [ERROR]- 'int' object has no attribute 'GET'
2018-06-03 20:30:41,909 [Thread-50:6444] [blog.views:32] [views:index] [ERROR]- 'int' object has no attribute 'META'
2018-06-03 20:31:23,897 [Thread-66:11940] [blog.views:32] [views:index] [ERROR]- 'int' object has no attribute 'GET'
2018-06-03 20:31:23,900 [Thread-66:11940] [blog.views:32] [views:index] [ERROR]- 'int' object has no attribute 'META'
2018-06-03 20:31:24,534 [Thread-67:6300] [blog.views:32] [views:index] [ERROR]- 'int' object has no attribute 'GET'
2018-06-03 20:31:24,536 [Thread-67:6300] [blog.views:32] [views:index] [ERROR]- 'int' object has no attribute 'META'
2018-06-03 20:31:25,258 [Thread-68:9548] [blog.views:32] [views:index] [ERROR]- 'int' object has no attribute 'GET'
2018-06-03 20:31:25,261 [Thread-68:9548] [blog.views:32] [views:index] [ERROR]- 'int' object has no attribute 'META'
2018-06-03 20:31:56,820 [Thread-69:2252] [blog.views:32] [views:index] [ERROR]- 'int' object has no attribute 'GET'
2018-06-03 20:31:56,823 [Thread-69:2252] [blog.views:32] [views:index] [ERROR]- 'int' object has no attribute 'META'
2018-06-03 20:31:57,622 [Thread-70:12136] [blog.views:32] [views:index] [ERROR]- 'int' object has no attribute 'GET'
2018-06-03 20:31:57,624 [Thread-70:12136] [blog.views:32] [views:index] [ERROR]- 'int' object has no attribute 'META'
2018-06-03 20:32:17,066 [Thread-71:1584] [blog.views:32] [views:index] [ERROR]- 'int' object has no attribute 'GET'
2018-06-03 20:32:17,069 [Thread-71:1584] [blog.views:32] [views:index] [ERROR]- 'int' object has no attribute 'META'
2018-06-03 20:32:17,786 [Thread-72:4668] [blog.views:32] [views:index] [ERROR]- 'int' object has no attribute 'GET'
2018-06-03 20:32:17,788 [Thread-72:4668] [blog.views:32] [views:index] [ERROR]- 'int' object has no attribute 'META'
2018-06-03 20:33:39,970 [Thread-73:11800] [blog.views:32] [views:index] [ERROR]- 'int' object has no attribute 'GET'
2018-06-03 20:33:39,973 [Thread-73:11800] [blog.views:32] [views:index] [ERROR]- 'int' object has no attribute 'META'
2018-06-03 20:33:41,506 [Thread-74:10660] [blog.views:32] [views:index] [ERROR]- 'int' object has no attribute 'GET'
2018-06-03 20:33:41,507 [Thread-74:10660] [blog.views:32] [views:index] [ERROR]- 'int' object has no attribute 'META'
2018-06-03 20:34:06,375 [Thread-75:8352] [blog.views:32] [views:index] [ERROR]- 'int' object has no attribute 'GET'
2018-06-03 20:34:06,378 [Thread-75:8352] [blog.views:32] [views:index] [ERROR]- 'int' object has no attribute 'META'
2018-06-03 20:34:43,990 [Thread-76:10328] [blog.views:32] [views:index] [ERROR]- 'int' object has no attribute 'GET'
2018-06-03 20:34:43,992 [Thread-76:10328] [blog.views:32] [views:index] [ERROR]- 'int' object has no attribute 'META'
2018-06-03 20:44:54,729 [Thread-2:10320] [blog.views:32] [views:index] [ERROR]- 'int' object has no attribute 'GET'
2018-06-03 20:44:54,747 [Thread-2:10320] [blog.views:32] [views:index] [ERROR]- 'int' object has no attribute 'META'
2018-06-03 20:57:25,908 [Thread-29:2164] [blog.views:32] [views:index] [ERROR]- 'int' object has no attribute 'GET'
2018-06-03 20:57:25,913 [Thread-29:2164] [blog.views:32] [views:index] [ERROR]- 'int' object has no attribute 'META'
2018-06-03 20:58:25,327 [Thread-36:2976] [blog.views:32] [views:index] [ERROR]- 'int' object has no attribute 'GET'
2018-06-03 20:58:25,328 [Thread-36:2976] [blog.views:32] [views:index] [ERROR]- 'int' object has no attribute 'META'
2018-06-03 21:00:12,303 [Thread-37:11124] [blog.views:32] [views:index] [ERROR]- 'int' object has no attribute 'GET'
2018-06-03 21:00:12,308 [Thread-37:11124] [blog.views:32] [views:index] [ERROR]- 'int' object has no attribute 'META'
2018-06-03 21:01:12,707 [Thread-51:7296] [blog.views:32] [views:index] [ERROR]- 'int' object has no attribute 'GET'
2018-06-03 21:01:12,710 [Thread-51:7296] [blog.views:32] [views:index] [ERROR]- 'int' object has no attribute 'META'
2018-06-03 21:01:21,392 [Thread-54:552] [blog.views:32] [views:index] [ERROR]- 'int' object has no attribute 'GET'
2018-06-03 21:01:21,394 [Thread-54:552] [blog.views:32] [views:index] [ERROR]- 'int' object has no attribute 'META'
2018-06-03 21:02:39,897 [Thread-55:11536] [blog.views:32] [views:index] [ERROR]- 'int' object has no attribute 'GET'
2018-06-03 21:02:39,901 [Thread-55:11536] [blog.views:32] [views:index] [ERROR]- 'int' object has no attribute 'META'
2018-06-03 21:02:40,826 [Thread-56:11712] [blog.views:32] [views:index] [ERROR]- 'int' object has no attribute 'GET'
2018-06-03 21:02:40,828 [Thread-56:11712] [blog.views:32] [views:index] [ERROR]- 'int' object has no attribute 'META'
2018-06-03 21:02:41,490 [Thread-57:11412] [blog.views:32] [views:index] [ERROR]- 'int' object has no attribute 'GET'
2018-06-03 21:02:41,501 [Thread-57:11412] [blog.views:32] [views:index] [ERROR]- 'int' object has no attribute 'META'
2018-06-03 21:02:53,806 [Thread-2:7308] [blog.views:32] [views:index] [ERROR]- 'int' object has no attribute 'GET'
2018-06-03 21:02:53,823 [Thread-2:7308] [blog.views:32] [views:index] [ERROR]- 'int' object has no attribute 'META'
2018-06-03 21:03:51,481 [Thread-2:12248] [blog.views:32] [views:index] [ERROR]- 'int' object has no attribute 'GET'
2018-06-03 21:03:51,501 [Thread-2:12248] [blog.views:32] [views:index] [ERROR]- 'int' object has no attribute 'META'
2018-06-03 21:06:01,927 [Thread-14:7496] [blog.views:32] [views:index] [ERROR]- 'int' object has no attribute 'GET'
2018-06-03 21:06:01,936 [Thread-14:7496] [blog.views:32] [views:index] [ERROR]- 'int' object has no attribute 'META'
2018-06-03 21:06:03,253 [Thread-15:2432] [blog.views:32] [views:index] [ERROR]- 'int' object has no attribute 'GET'
2018-06-03 21:06:03,255 [Thread-15:2432] [blog.views:32] [views:index] [ERROR]- 'int' object has no attribute 'META'
2018-06-03 21:06:38,130 [Thread-29:4376] [blog.views:32] [views:index] [ERROR]- 'int' object has no attribute 'GET'
2018-06-03 21:06:38,136 [Thread-29:4376] [blog.views:32] [views:index] [ERROR]- 'int' object has no attribute 'META'
2018-06-03 21:06:49,908 [Thread-34:280] [blog.views:32] [views:index] [ERROR]- 'int' object has no attribute 'GET'
2018-06-03 21:06:49,913 [Thread-34:280] [blog.views:32] [views:index] [ERROR]- 'int' object has no attribute 'META'
2018-06-03 21:07:08,382 [Thread-2:9944] [blog.views:32] [views:index] [ERROR]- 'int' object has no attribute 'GET'
2018-06-03 21:07:08,399 [Thread-2:9944] [blog.views:32] [views:index] [ERROR]- 'int' object has no attribute 'META'
2018-06-03 21:07:20,676 [Thread-4:3136] [blog.views:32] [views:index] [ERROR]- 'int' object has no attribute 'GET'
2018-06-03 21:07:20,680 [Thread-4:3136] [blog.views:32] [views:index] [ERROR]- 'int' object has no attribute 'META'
2018-06-03 21:07:34,061 [Thread-2:448] [blog.views:32] [views:index] [ERROR]- 'int' object has no attribute 'GET'
2018-06-03 21:07:34,083 [Thread-2:448] [blog.views:32] [views:index] [ERROR]- 'int' object has no attribute 'META'
2018-06-03 21:07:37,267 [Thread-3:6780] [blog.views:32] [views:index] [ERROR]- 'int' object has no attribute 'GET'
2018-06-03 21:07:37,269 [Thread-3:6780] [blog.views:32] [views:index] [ERROR]- 'int' object has no attribute 'META'
2018-06-03 21:08:18,033 [Thread-2:8348] [blog.views:32] [views:index] [ERROR]- 'int' object has no attribute 'GET'
2018-06-03 21:08:18,051 [Thread-2:8348] [blog.views:32] [views:index] [ERROR]- 'int' object has no attribute 'META'
2018-06-03 21:08:25,453 [Thread-5:5672] [blog.views:32] [views:index] [ERROR]- 'int' object has no attribute 'GET'
2018-06-03 21:08:25,456 [Thread-5:5672] [blog.views:32] [views:index] [ERROR]- 'int' object has no attribute 'META'
2018-06-03 21:10:01,430 [Thread-2:9284] [blog.views:32] [views:index] [ERROR]- 'int' object has no attribute 'GET'
2018-06-03 21:10:01,449 [Thread-2:9284] [blog.views:32] [views:index] [ERROR]- 'int' object has no attribute 'META'
2018-06-03 21:10:45,282 [Thread-5:11432] [blog.views:32] [views:index] [ERROR]- 'int' object has no attribute 'GET'
2018-06-03 21:10:45,284 [Thread-5:11432] [blog.views:32] [views:index] [ERROR]- 'int' object has no attribute 'META'
2018-06-03 21:10:48,268 [Thread-6:5188] [blog.views:32] [views:index] [ERROR]- 'int' object has no attribute 'GET'
2018-06-03 21:10:48,271 [Thread-6:5188] [blog.views:32] [views:index] [ERROR]- 'int' object has no attribute 'META'
2018-06-03 21:10:49,369 [Thread-7:8532] [blog.views:32] [views:index] [ERROR]- 'int' object has no attribute 'GET'
2018-06-03 21:10:49,372 [Thread-7:8532] [blog.views:32] [views:index] [ERROR]- 'int' object has no attribute 'META'
2018-06-03 21:11:53,948 [Thread-10:3640] [blog.views:32] [views:index] [ERROR]- 'int' object has no attribute 'GET'
2018-06-03 21:11:53,952 [Thread-10:3640] [blog.views:32] [views:index] [ERROR]- 'int' object has no attribute 'META'
2018-06-03 21:12:09,039 [Thread-11:8012] [blog.views:32] [views:index] [ERROR]- 'int' object has no attribute 'GET'
2018-06-03 21:12:09,041 [Thread-11:8012] [blog.views:32] [views:index] [ERROR]- 'int' object has no attribute 'META'
2018-06-03 21:12:10,101 [Thread-12:5152] [blog.views:32] [views:index] [ERROR]- 'int' object has no attribute 'GET'
2018-06-03 21:12:10,104 [Thread-12:5152] [blog.views:32] [views:index] [ERROR]- 'int' object has no attribute 'META'
2018-06-03 21:12:10,718 [Thread-13:11252] [blog.views:32] [views:index] [ERROR]- 'int' object has no attribute 'GET'
2018-06-03 21:12:10,721 [Thread-13:11252] [blog.views:32] [views:index] [ERROR]- 'int' object has no attribute 'META'
2018-06-03 21:12:11,246 [Thread-14:7428] [blog.views:32] [views:index] [ERROR]- 'int' object has no attribute 'GET'
2018-06-03 21:12:11,249 [Thread-14:7428] [blog.views:32] [views:index] [ERROR]- 'int' object has no attribute 'META'
2018-06-03 21:12:30,551 [Thread-15:4908] [blog.views:32] [views:index] [ERROR]- 'int' object has no attribute 'GET'
2018-06-03 21:12:30,553 [Thread-15:4908] [blog.views:32] [views:index] [ERROR]- 'int' object has no attribute 'META'
2018-06-03 21:12:31,420 [Thread-16:4684] [blog.views:32] [views:index] [ERROR]- 'int' object has no attribute 'GET'
2018-06-03 21:12:31,424 [Thread-16:4684] [blog.views:32] [views:index] [ERROR]- 'int' object has no attribute 'META'
2018-06-03 21:12:32,049 [Thread-17:12048] [blog.views:32] [views:index] [ERROR]- 'int' object has no attribute 'GET'
2018-06-03 21:12:32,052 [Thread-17:12048] [blog.views:32] [views:index] [ERROR]- 'int' object has no attribute 'META'
2018-06-03 21:12:32,606 [Thread-18:10992] [blog.views:32] [views:index] [ERROR]- 'int' object has no attribute 'GET'
2018-06-03 21:12:32,609 [Thread-18:10992] [blog.views:32] [views:index] [ERROR]- 'int' object has no attribute 'META'
2018-06-03 21:15:17,337 [Thread-19:11904] [blog.views:32] [views:index] [ERROR]- 'int' object has no attribute 'GET'
2018-06-03 21:15:17,340 [Thread-19:11904] [blog.views:32] [views:index] [ERROR]- 'int' object has no attribute 'META'
2018-06-03 21:15:18,363 [Thread-20:6912] [blog.views:32] [views:index] [ERROR]- 'int' object has no attribute 'GET'
2018-06-03 21:15:18,367 [Thread-20:6912] [blog.views:32] [views:index] [ERROR]- 'int' object has no attribute 'META'
2018-06-03 21:16:11,453 [Thread-2:10888] [blog.views:32] [views:index] [ERROR]- 'int' object has no attribute 'GET'
2018-06-03 21:16:11,490 [Thread-2:10888] [blog.views:32] [views:index] [ERROR]- 'int' object has no attribute 'META'
2018-06-03 21:17:01,897 [Thread-4:5676] [blog.views:32] [views:index] [ERROR]- 'int' object has no attribute 'GET'
2018-06-03 21:17:01,900 [Thread-4:5676] [blog.views:32] [views:index] [ERROR]- 'int' object has no attribute 'META'
2018-06-03 21:17:03,041 [Thread-5:4716] [blog.views:32] [views:index] [ERROR]- 'int' object has no attribute 'GET'
2018-06-03 21:17:03,043 [Thread-5:4716] [blog.views:32] [views:index] [ERROR]- 'int' object has no attribute 'META'
2018-06-03 21:17:50,658 [Thread-6:8992] [blog.views:32] [views:index] [ERROR]- 'int' object has no attribute 'GET'
2018-06-03 21:17:50,661 [Thread-6:8992] [blog.views:32] [views:index] [ERROR]- 'int' object has no attribute 'META'
2018-06-03 21:17:51,547 [Thread-7:3236] [blog.views:32] [views:index] [ERROR]- 'int' object has no attribute 'GET'
2018-06-03 21:17:51,552 [Thread-7:3236] [blog.views:32] [views:index] [ERROR]- 'int' object has no attribute 'META'
2018-06-03 21:18:56,160 [Thread-8:10996] [blog.views:32] [views:index] [ERROR]- 'int' object has no attribute 'GET'
2018-06-03 21:18:56,164 [Thread-8:10996] [blog.views:32] [views:index] [ERROR]- 'int' object has no attribute 'META'
2018-06-03 21:18:57,324 [Thread-9:4144] [blog.views:32] [views:index] [ERROR]- 'int' object has no attribute 'GET'
2018-06-03 21:18:57,326 [Thread-9:4144] [blog.views:32] [views:index] [ERROR]- 'int' object has no attribute 'META'
2018-06-03 21:19:11,224 [Thread-10:3052] [blog.views:32] [views:index] [ERROR]- 'int' object has no attribute 'GET'
2018-06-03 21:19:13,893 [Thread-2:7296] [blog.views:32] [views:index] [ERROR]- 'int' object has no attribute 'GET'
2018-06-03 21:19:13,911 [Thread-2:7296] [blog.views:32] [views:index] [ERROR]- 'int' object has no attribute 'META'
2018-06-03 21:19:46,214 [Thread-5:7136] [blog.views:32] [views:index] [ERROR]- 'int' object has no attribute 'GET'
2018-06-03 21:19:46,218 [Thread-5:7136] [blog.views:32] [views:index] [ERROR]- 'int' object has no attribute 'META'
2018-06-03 21:23:06,268 [Thread-3:9796] [blog.views:32] [views:index] [ERROR]- 'int' object has no attribute 'GET'
2018-06-03 21:23:06,310 [Thread-3:9796] [blog.views:32] [views:index] [ERROR]- 'int' object has no attribute 'META'
2018-06-03 21:23:25,301 [Thread-2:8604] [blog.views:32] [views:index] [ERROR]- 'int' object has no attribute 'GET'
2018-06-03 21:23:25,323 [Thread-2:8604] [blog.views:32] [views:index] [ERROR]- 'int' object has no attribute 'META'
2018-06-03 21:23:44,534 [Thread-2:11500] [blog.views:32] [views:index] [ERROR]- 'NoneType' object has no attribute 'GET'
2018-06-03 21:23:46,188 [Thread-3:592] [blog.views:32] [views:index] [ERROR]- 'str' object has no attribute 'GET'
2018-06-03 21:23:46,191 [Thread-3:592] [blog.views:32] [views:index] [ERROR]- 'str' object has no attribute 'META'
2018-06-03 21:24:51,251 [Thread-2:10700] [blog.views:32] [views:index] [ERROR]- 'str' object has no attribute 'GET'
2018-06-03 21:24:51,272 [Thread-2:10700] [blog.views:32] [views:index] [ERROR]- 'str' object has no attribute 'META'
2018-06-03 21:24:52,692 [Thread-3:10096] [blog.views:32] [views:index] [ERROR]- 'str' object has no attribute 'GET'
2018-06-03 21:24:52,695 [Thread-3:10096] [blog.views:32] [views:index] [ERROR]- 'str' object has no attribute 'META'
2018-06-03 21:24:53,774 [Thread-4:11520] [blog.views:32] [views:index] [ERROR]- 'str' object has no attribute 'GET'
2018-06-03 21:24:53,775 [Thread-4:11520] [blog.views:32] [views:index] [ERROR]- 'str' object has no attribute 'META'
2018-06-03 21:24:54,669 [Thread-5:11588] [blog.views:32] [views:index] [ERROR]- 'str' object has no attribute 'GET'
2018-06-03 21:24:54,671 [Thread-5:11588] [blog.views:32] [views:index] [ERROR]- 'str' object has no attribute 'META'
2018-06-03 21:24:57,900 [Thread-6:10896] [blog.views:32] [views:index] [ERROR]- 'int' object has no attribute 'GET'
2018-06-03 21:24:57,905 [Thread-6:10896] [blog.views:32] [views:index] [ERROR]- 'int' object has no attribute 'META'
2018-06-03 21:25:01,817 [Thread-7:9928] [blog.views:32] [views:index] [ERROR]- 'int' object has no attribute 'GET'
2018-06-03 21:25:01,819 [Thread-7:9928] [blog.views:32] [views:index] [ERROR]- 'int' object has no attribute 'META'
2018-06-03 21:25:02,583 [Thread-8:3336] [blog.views:32] [views:index] [ERROR]- 'int' object has no attribute 'GET'
2018-06-03 21:25:02,586 [Thread-8:3336] [blog.views:32] [views:index] [ERROR]- 'int' object has no attribute 'META'
2018-06-03 21:25:13,644 [Thread-2:11708] [blog.views:32] [views:index] [ERROR]- 'NoneType' object has no attribute 'GET'
2018-06-03 21:25:20,817 [Thread-3:5532] [blog.views:32] [views:index] [ERROR]- 'str' object has no attribute 'GET'
2018-06-03 21:25:20,821 [Thread-3:5532] [blog.views:32] [views:index] [ERROR]- 'str' object has no attribute 'META'
2018-06-03 21:25:39,612 [Thread-23:6716] [blog.views:32] [views:index] [ERROR]- 'str' object has no attribute 'GET'
2018-06-03 21:25:39,614 [Thread-23:6716] [blog.views:32] [views:index] [ERROR]- 'str' object has no attribute 'META'
2018-06-03 21:25:43,537 [Thread-24:9952] [blog.views:32] [views:index] [ERROR]- 'NoneType' object has no attribute 'GET'
2018-06-03 21:25:45,520 [Thread-25:1748] [blog.views:32] [views:index] [ERROR]- 'str' object has no attribute 'GET'
2018-06-03 21:25:45,522 [Thread-25:1748] [blog.views:32] [views:index] [ERROR]- 'str' object has no attribute 'META'
2018-06-03 21:26:43,794 [Thread-2:6356] [blog.views:32] [views:index] [ERROR]- 'int' object has no attribute 'GET'
2018-06-03 21:26:43,811 [Thread-2:6356] [blog.views:32] [views:index] [ERROR]- 'int' object has no attribute 'META'
2018-06-03 21:27:50,689 [Thread-3:5676] [blog.views:32] [views:index] [ERROR]- 'int' object has no attribute 'GET'
2018-06-03 21:27:50,693 [Thread-3:5676] [blog.views:32] [views:index] [ERROR]- 'int' object has no attribute 'META'
2018-06-03 21:27:52,835 [Thread-4:2236] [blog.views:32] [views:index] [ERROR]- 'int' object has no attribute 'GET'
2018-06-03 21:27:52,838 [Thread-4:2236] [blog.views:32] [views:index] [ERROR]- 'int' object has no attribute 'META'
2018-06-03 21:28:04,820 [Thread-5:9004] [blog.views:32] [views:index] [ERROR]- 'str' object has no attribute 'GET'
2018-06-03 21:28:04,824 [Thread-5:9004] [blog.views:32] [views:index] [ERROR]- 'str' object has no attribute 'META'
2018-06-03 21:28:05,655 [Thread-6:10164] [blog.views:32] [views:index] [ERROR]- 'str' object has no attribute 'GET'
2018-06-03 21:28:05,660 [Thread-6:10164] [blog.views:32] [views:index] [ERROR]- 'str' object has no attribute 'META'
2018-06-03 21:28:11,396 [Thread-7:3468] [blog.views:32] [views:index] [ERROR]- 'str' object has no attribute 'GET'
2018-06-03 21:28:11,400 [Thread-7:3468] [blog.views:32] [views:index] [ERROR]- 'str' object has no attribute 'META'
2018-06-03 21:28:12,146 [Thread-8:9492] [blog.views:32] [views:index] [ERROR]- 'str' object has no attribute 'GET'
2018-06-03 21:28:12,149 [Thread-8:9492] [blog.views:32] [views:index] [ERROR]- 'str' object has no attribute 'META'
2018-06-03 21:28:13,106 [Thread-9:11792] [blog.views:32] [views:index] [ERROR]- 'str' object has no attribute 'GET'
2018-06-03 21:28:13,109 [Thread-9:11792] [blog.views:32] [views:index] [ERROR]- 'str' object has no attribute 'META'
2018-06-03 21:28:20,510 [Thread-10:7028] [blog.views:32] [views:index] [ERROR]- 'str' object has no attribute 'GET'
2018-06-03 21:28:20,513 [Thread-10:7028] [blog.views:32] [views:index] [ERROR]- 'str' object has no attribute 'META'
2018-06-03 21:28:25,397 [Thread-11:2308] [blog.views:32] [views:index] [ERROR]- 'str' object has no attribute 'GET'
2018-06-03 21:28:25,412 [Thread-11:2308] [blog.views:32] [views:index] [ERROR]- 'str' object has no attribute 'META'
2018-06-03 21:28:28,658 [Thread-12:10008] [blog.views:32] [views:index] [ERROR]- 'int' object has no attribute 'GET'
2018-06-03 21:28:28,661 [Thread-12:10008] [blog.views:32] [views:index] [ERROR]- 'int' object has no attribute 'META'
2018-06-03 21:28:48,092 [Thread-13:10256] [blog.views:32] [views:index] [ERROR]- 'int' object has no attribute 'GET'
2018-06-03 21:28:48,095 [Thread-13:10256] [blog.views:32] [views:index] [ERROR]- 'int' object has no attribute 'META'
2018-06-03 21:28:57,103 [Thread-14:7740] [blog.views:32] [views:index] [ERROR]- 'int' object has no attribute 'GET'
2018-06-03 21:28:57,106 [Thread-14:7740] [blog.views:32] [views:index] [ERROR]- 'int' object has no attribute 'META'
2018-06-03 21:29:04,264 [Thread-15:7500] [blog.views:32] [views:index] [ERROR]- 'int' object has no attribute 'GET'
2018-06-03 21:29:04,268 [Thread-15:7500] [blog.views:32] [views:index] [ERROR]- 'int' object has no attribute 'META'
2018-06-03 21:29:11,330 [Thread-16:8532] [blog.views:32] [views:index] [ERROR]- 'int' object has no attribute 'GET'
2018-06-03 21:29:11,334 [Thread-16:8532] [blog.views:32] [views:index] [ERROR]- 'int' object has no attribute 'META'
2018-06-03 21:29:13,973 [Thread-17:3156] [blog.views:32] [views:index] [ERROR]- 'int' object has no attribute 'GET'
2018-06-03 21:29:13,976 [Thread-17:3156] [blog.views:32] [views:index] [ERROR]- 'int' object has no attribute 'META'
2018-06-03 21:29:14,671 [Thread-18:10664] [blog.views:32] [views:index] [ERROR]- 'int' object has no attribute 'GET'
2018-06-03 21:29:14,675 [Thread-18:10664] [blog.views:32] [views:index] [ERROR]- 'int' object has no attribute 'META'
2018-06-03 21:29:16,211 [Thread-19:1340] [blog.views:32] [views:index] [ERROR]- 'int' object has no attribute 'GET'
2018-06-03 21:29:16,216 [Thread-19:1340] [blog.views:32] [views:index] [ERROR]- 'int' object has no attribute 'META'
2018-06-03 23:13:37,536 [Thread-21:3908] [blog.views:32] [views:index] [ERROR]- 'int' object has no attribute 'GET'
2018-06-03 23:13:37,544 [Thread-21:3908] [blog.views:32] [views:index] [ERROR]- 'int' object has no attribute 'META'
2018-06-04 11:19:53,011 [Thread-2:12196] [blog.views:32] [views:index] [ERROR]- 'int' object has no attribute 'GET'
2018-06-04 11:19:53,089 [Thread-2:12196] [blog.views:32] [views:index] [ERROR]- 'int' object has no attribute 'META'
2018-06-04 11:20:34,429 [Thread-8:10200] [blog.views:32] [views:index] [ERROR]- 'int' object has no attribute 'GET'
2018-06-04 11:20:34,432 [Thread-8:10200] [blog.views:32] [views:index] [ERROR]- 'int' object has no attribute 'META'
2018-06-04 12:46:12,779 [Thread-2:11520] [blog.views:35] [views:index] [ERROR]- 'int' object has no attribute 'GET'
2018-06-04 12:46:12,798 [Thread-2:11520] [blog.views:35] [views:index] [ERROR]- 'int' object has no attribute 'META'
2018-06-04 14:49:45,187 [Thread-2:7964] [blog.views:36] [views:index] [ERROR]- 'int' object has no attribute 'GET'
2018-06-04 14:49:45,224 [Thread-2:7964] [blog.views:36] [views:index] [ERROR]- 'int' object has no attribute 'META'
2018-06-04 14:51:01,116 [Thread-2:4476] [blog.views:38] [views:index] [ERROR]- 'int' object has no attribute 'GET'
2018-06-04 14:51:01,137 [Thread-2:4476] [blog.views:38] [views:index] [ERROR]- 'int' object has no attribute 'META'
2018-06-04 14:52:59,872 [Thread-2:8892] [blog.views:38] [views:index] [ERROR]- 'int' object has no attribute 'GET'
2018-06-04 14:52:59,921 [Thread-2:8892] [blog.views:38] [views:index] [ERROR]- 'int' object has no attribute 'META'
2018-06-04 14:58:04,051 [Thread-3:4816] [blog.views:38] [views:index] [ERROR]- 'int' object has no attribute 'GET'
2018-06-04 14:58:04,075 [Thread-3:4816] [blog.views:38] [views:index] [ERROR]- 'int' object has no attribute 'META'
2018-06-04 14:58:19,359 [Thread-8:3808] [blog.views:38] [views:index] [ERROR]- 'int' object has no attribute 'GET'
2018-06-04 14:58:19,363 [Thread-8:3808] [blog.views:38] [views:index] [ERROR]- 'int' object has no attribute 'META'
2018-06-04 15:01:01,693 [Thread-2:1292] [blog.views:38] [views:index] [ERROR]- 'int' object has no attribute 'GET'
2018-06-04 15:01:01,719 [Thread-2:1292] [blog.views:38] [views:index] [ERROR]- 'int' object has no attribute 'META'
2018-06-04 15:03:36,527 [Thread-8:8368] [blog.views:38] [views:index] [ERROR]- 'int' object has no attribute 'GET'
2018-06-04 15:03:36,530 [Thread-8:8368] [blog.views:38] [views:index] [ERROR]- 'int' object has no attribute 'META'
2018-06-04 15:06:15,791 [Thread-2:1724] [blog.views:38] [views:index] [ERROR]- 'int' object has no attribute 'GET'
2018-06-04 15:06:15,813 [Thread-2:1724] [blog.views:38] [views:index] [ERROR]- 'int' object has no attribute 'META'
2018-06-04 15:07:37,819 [Thread-2:8820] [blog.views:40] [views:index] [ERROR]- 'int' object has no attribute 'GET'
2018-06-04 15:07:37,844 [Thread-2:8820] [blog.views:40] [views:index] [ERROR]- 'int' object has no attribute 'META'
2018-06-04 15:10:01,406 [Thread-2:6628] [blog.views:41] [views:index] [ERROR]- 'int' object has no attribute 'GET'
2018-06-04 15:10:01,428 [Thread-2:6628] [blog.views:41] [views:index] [ERROR]- 'int' object has no attribute 'META'
2018-06-04 15:10:37,517 [Thread-2:1788] [blog.views:41] [views:index] [ERROR]- 'int' object has no attribute 'GET'
2018-06-04 15:10:37,537 [Thread-2:1788] [blog.views:41] [views:index] [ERROR]- 'int' object has no attribute 'META'
2018-06-04 15:12:04,663 [Thread-7:9660] [blog.views:41] [views:index] [ERROR]- 'int' object has no attribute 'GET'
2018-06-04 15:12:04,666 [Thread-7:9660] [blog.views:41] [views:index] [ERROR]- 'int' object has no attribute 'META'
2018-06-04 15:17:04,181 [Thread-23:8164] [blog.views:41] [views:index] [ERROR]- 'int' object has no attribute 'GET'
2018-06-04 15:17:04,190 [Thread-23:8164] [blog.views:41] [views:index] [ERROR]- 'int' object has no attribute 'META'
2018-06-04 15:17:05,061 [Thread-24:7140] [blog.views:41] [views:index] [ERROR]- 'int' object has no attribute 'GET'
2018-06-04 15:17:05,063 [Thread-24:7140] [blog.views:41] [views:index] [ERROR]- 'int' object has no attribute 'META'
2018-06-04 15:17:05,764 [Thread-25:8936] [blog.views:41] [views:index] [ERROR]- 'int' object has no attribute 'GET'
2018-06-04 15:17:05,767 [Thread-25:8936] [blog.views:41] [views:index] [ERROR]- 'int' object has no attribute 'META'
2018-06-04 15:17:06,335 [Thread-26:2396] [blog.views:41] [views:index] [ERROR]- 'int' object has no attribute 'GET'
2018-06-04 15:17:06,338 [Thread-26:2396] [blog.views:41] [views:index] [ERROR]- 'int' object has no attribute 'META'
2018-06-04 15:17:07,118 [Thread-27:5060] [blog.views:41] [views:index] [ERROR]- 'int' object has no attribute 'GET'
2018-06-04 15:17:07,122 [Thread-27:5060] [blog.views:41] [views:index] [ERROR]- 'int' object has no attribute 'META'
2018-06-04 15:17:07,855 [Thread-28:468] [blog.views:41] [views:index] [ERROR]- 'int' object has no attribute 'GET'
2018-06-04 15:17:07,858 [Thread-28:468] [blog.views:41] [views:index] [ERROR]- 'int' object has no attribute 'META'
2018-06-04 15:17:56,902 [Thread-2:7076] [blog.views:41] [views:index] [ERROR]- 'int' object has no attribute 'GET'
2018-06-04 15:17:56,924 [Thread-2:7076] [blog.views:41] [views:index] [ERROR]- 'int' object has no attribute 'META'
2018-06-04 15:19:25,574 [Thread-2:1196] [blog.views:42] [views:index] [ERROR]- 'int' object has no attribute 'GET'
2018-06-04 15:19:25,597 [Thread-2:1196] [blog.views:42] [views:index] [ERROR]- 'int' object has no attribute 'META'
2018-06-04 15:20:23,199 [Thread-2:10876] [blog.views:42] [views:index] [ERROR]- 'int' object has no attribute 'GET'
2018-06-04 15:20:23,219 [Thread-2:10876] [blog.views:42] [views:index] [ERROR]- 'int' object has no attribute 'META'
2018-06-04 15:25:45,921 [Thread-2:2452] [blog.views:42] [views:index] [ERROR]- 'int' object has no attribute 'GET'
2018-06-04 15:25:45,952 [Thread-2:2452] [blog.views:42] [views:index] [ERROR]- 'int' object has no attribute 'META'
2018-06-04 15:25:49,274 [Thread-3:11712] [blog.views:42] [views:index] [ERROR]- 'int' object has no attribute 'GET'
2018-06-04 15:25:49,279 [Thread-3:11712] [blog.views:42] [views:index] [ERROR]- 'int' object has no attribute 'META'
2018-06-04 15:26:04,643 [Thread-6:2316] [blog.views:42] [views:index] [ERROR]- 'int' object has no attribute 'GET'
2018-06-04 15:26:04,645 [Thread-6:2316] [blog.views:42] [views:index] [ERROR]- 'int' object has no attribute 'META'
2018-06-04 15:27:32,544 [Thread-2:1160] [blog.views:44] [views:index] [ERROR]- 'int' object has no attribute 'GET'
2018-06-04 15:27:32,565 [Thread-2:1160] [blog.views:44] [views:index] [ERROR]- 'int' object has no attribute 'META'
2018-06-04 15:28:08,912 [Thread-2:11332] [blog.views:44] [views:index] [ERROR]- 'int' object has no attribute 'GET'
2018-06-04 15:28:08,937 [Thread-2:11332] [blog.views:44] [views:index] [ERROR]- 'int' object has no attribute 'META'
2018-06-04 15:29:26,138 [Thread-2:11056] [blog.views:42] [views:index] [ERROR]- 'int' object has no attribute 'GET'
2018-06-04 15:29:26,157 [Thread-2:11056] [blog.views:42] [views:index] [ERROR]- 'int' object has no attribute 'META'
2018-06-04 15:29:59,745 [Thread-2:2448] [blog.views:45] [views:index] [ERROR]- 'int' object has no attribute 'GET'
2018-06-04 15:29:59,762 [Thread-2:2448] [blog.views:45] [views:index] [ERROR]- 'int' object has no attribute 'META'
2018-06-04 15:30:38,666 [Thread-3:5476] [blog.views:45] [views:index] [ERROR]- 'locale' codec can't encode character '\u5b58' in position 6: Illegal byte sequence
2018-06-04 15:30:47,458 [Thread-2:8124] [blog.views:45] [views:index] [ERROR]- 'locale' codec can't encode character '\u5b58' in position 6: Illegal byte sequence
2018-06-04 15:31:21,369 [Thread-2:10668] [blog.views:46] [views:index] [ERROR]- 'locale' codec can't encode character '\u5b58' in position 6: Illegal byte sequence
2018-06-04 15:31:47,687 [Thread-2:9956] [blog.views:46] [views:index] [ERROR]- 'locale' codec can't encode character '\u5b58' in position 6: Illegal byte sequence
2018-06-04 15:32:44,529 [Thread-2:12264] [blog.views:46] [views:index] [ERROR]- 'NoneType' object has no attribute 'GET'
2018-06-04 15:32:44,627 [Thread-2:12264] [blog.views:46] [views:index] [ERROR]- 'locale' codec can't encode character '\u5b58' in position 6: Illegal byte sequence
2018-06-04 15:32:48,027 [Thread-3:8360] [blog.views:46] [views:index] [ERROR]- 'str' object has no attribute 'GET'
2018-06-04 15:32:48,031 [Thread-3:8360] [blog.views:46] [views:index] [ERROR]- 'str' object has no attribute 'META'
2018-06-04 15:33:58,412 [Thread-2:5712] [blog.views:46] [views:index] [ERROR]- 'int' object has no attribute 'GET'
2018-06-04 15:33:58,432 [Thread-2:5712] [blog.views:46] [views:index] [ERROR]- 'int' object has no attribute 'META'
2018-06-04 15:43:06,324 [Thread-2:9000] [blog.views:47] [views:index] [ERROR]- 'int' object has no attribute 'GET'
2018-06-04 15:43:06,361 [Thread-2:9000] [blog.views:47] [views:index] [ERROR]- 'int' object has no attribute 'META'
2018-06-04 15:44:57,773 [Thread-4:1808] [blog.views:47] [views:index] [ERROR]- 'int' object has no attribute 'GET'
2018-06-04 15:44:57,780 [Thread-4:1808] [blog.views:47] [views:index] [ERROR]- 'int' object has no attribute 'META'
2018-06-04 15:45:20,068 [Thread-26:6960] [blog.views:47] [views:index] [ERROR]- 'int' object has no attribute 'GET'
2018-06-04 15:45:20,076 [Thread-26:6960] [blog.views:47] [views:index] [ERROR]- 'int' object has no attribute 'META'
2018-06-04 15:47:09,887 [Thread-28:224] [blog.views:47] [views:index] [ERROR]- 'int' object has no attribute 'GET'
2018-06-04 15:47:09,890 [Thread-28:224] [blog.views:47] [views:index] [ERROR]- 'int' object has no attribute 'META'
2018-06-04 15:47:49,225 [Thread-30:9340] [blog.views:47] [views:index] [ERROR]- 'int' object has no attribute 'GET'
2018-06-04 15:47:49,228 [Thread-30:9340] [blog.views:47] [views:index] [ERROR]- 'int' object has no attribute 'META'
2018-06-04 15:49:53,811 [Thread-2:11992] [blog.views:47] [views:index] [ERROR]- 'int' object has no attribute 'GET'
2018-06-04 15:49:53,834 [Thread-2:11992] [blog.views:47] [views:index] [ERROR]- 'int' object has no attribute 'META'
2018-06-04 16:01:16,063 [Thread-7:10680] [blog.views:47] [views:index] [ERROR]- 'int' object has no attribute 'GET'
2018-06-04 16:01:16,070 [Thread-7:10680] [blog.views:47] [views:index] [ERROR]- 'int' object has no attribute 'META'
2018-06-04 16:01:43,623 [Thread-2:8572] [blog.views:47] [views:index] [ERROR]- 'int' object has no attribute 'GET'
2018-06-04 16:01:43,646 [Thread-2:8572] [blog.views:47] [views:index] [ERROR]- 'int' object has no attribute 'META'
2018-06-04 16:10:12,367 [Thread-2:1444] [blog.views:45] [views:index] [ERROR]- 'NoneType' object has no attribute 'GET'
2018-06-04 16:10:12,459 [Thread-2:1444] [blog.views:45] [views:index] [ERROR]- 'locale' codec can't encode character '\u5b58' in position 6: Illegal byte sequence
2018-06-04 16:10:15,418 [Thread-3:2448] [blog.views:45] [views:index] [ERROR]- 'str' object has no attribute 'GET'
2018-06-04 16:10:15,425 [Thread-3:2448] [blog.views:45] [views:index] [ERROR]- 'str' object has no attribute 'META'
2018-06-04 16:10:22,864 [Thread-8:6324] [blog.views:45] [views:index] [ERROR]- 'NoneType' object has no attribute 'GET'
2018-06-04 16:10:22,916 [Thread-8:6324] [blog.views:45] [views:index] [ERROR]- 'locale' codec can't encode character '\u5b58' in position 6: Illegal byte sequence
2018-06-04 16:10:31,344 [Thread-9:5420] [blog.views:45] [views:index] [ERROR]- 'NoneType' object has no attribute 'GET'
2018-06-04 16:10:31,396 [Thread-9:5420] [blog.views:45] [views:index] [ERROR]- 'locale' codec can't encode character '\u5b58' in position 6: Illegal byte sequence
2018-06-04 16:10:35,066 [Thread-2:9872] [blog.views:45] [views:index] [ERROR]- 'NoneType' object has no attribute 'GET'
2018-06-04 16:10:35,145 [Thread-2:9872] [blog.views:45] [views:index] [ERROR]- 'locale' codec can't encode character '\u5b58' in position 6: Illegal byte sequence
2018-06-04 16:10:37,010 [Thread-3:2276] [blog.views:45] [views:index] [ERROR]- 'str' object has no attribute 'GET'
2018-06-04 16:10:37,015 [Thread-3:2276] [blog.views:45] [views:index] [ERROR]- 'str' object has no attribute 'META'
2018-06-04 16:10:41,130 [Thread-4:5356] [blog.views:45] [views:index] [ERROR]- 'NoneType' object has no attribute 'GET'
2018-06-04 16:10:41,174 [Thread-4:5356] [blog.views:45] [views:index] [ERROR]- 'locale' codec can't encode character '\u5b58' in position 6: Illegal byte sequence
2018-06-04 16:11:38,799 [Thread-2:9816] [blog.views:45] [views:index] [ERROR]- 'NoneType' object has no attribute 'GET'
2018-06-04 16:11:38,867 [Thread-2:9816] [blog.views:45] [views:index] [ERROR]- 'locale' codec can't encode character '\u5b58' in position 6: Illegal byte sequence
2018-06-04 16:11:43,318 [Thread-3:11356] [blog.views:45] [views:index] [ERROR]- 'str' object has no attribute 'GET'
2018-06-04 16:11:43,325 [Thread-3:11356] [blog.views:45] [views:index] [ERROR]- 'str' object has no attribute 'META'
2018-06-04 16:12:42,896 [Thread-2:11244] [blog.views:46] [views:index] [ERROR]- 'str' object has no attribute 'GET'
2018-06-04 16:12:42,919 [Thread-2:11244] [blog.views:46] [views:index] [ERROR]- 'str' object has no attribute 'META'
2018-06-04 16:12:45,104 [Thread-3:12048] [blog.views:46] [views:index] [ERROR]- 'int' object has no attribute 'GET'
2018-06-04 16:12:45,109 [Thread-3:12048] [blog.views:46] [views:index] [ERROR]- 'int' object has no attribute 'META'
2018-06-04 16:12:49,750 [Thread-4:11284] [blog.views:46] [views:index] [ERROR]- 'int' object has no attribute 'GET'
2018-06-04 16:12:49,753 [Thread-4:11284] [blog.views:46] [views:index] [ERROR]- 'int' object has no attribute 'META'
2018-06-04 16:13:22,757 [Thread-2:624] [blog.views:46] [views:index] [ERROR]- 'int' object has no attribute 'GET'
2018-06-04 16:13:22,778 [Thread-2:624] [blog.views:46] [views:index] [ERROR]- 'int' object has no attribute 'META'
2018-06-04 16:13:29,899 [Thread-3:9896] [blog.views:46] [views:index] [ERROR]- 'int' object has no attribute 'GET'
2018-06-04 16:13:29,904 [Thread-3:9896] [blog.views:46] [views:index] [ERROR]- 'int' object has no attribute 'META'
2018-06-04 16:13:39,169 [Thread-4:10304] [blog.views:46] [views:index] [ERROR]- 'int' object has no attribute 'GET'
2018-06-04 16:13:39,174 [Thread-4:10304] [blog.views:46] [views:index] [ERROR]- 'int' object has no attribute 'META'
2018-06-04 16:13:51,667 [Thread-2:5960] [blog.views:46] [views:index] [ERROR]- 'int' object has no attribute 'GET'
2018-06-04 16:13:51,694 [Thread-2:5960] [blog.views:46] [views:index] [ERROR]- 'int' object has no attribute 'META'
2018-06-04 16:14:11,620 [Thread-2:1000] [blog.views:45] [views:index] [ERROR]- 'NoneType' object has no attribute 'GET'
2018-06-04 16:14:11,700 [Thread-2:1000] [blog.views:45] [views:index] [ERROR]- 'locale' codec can't encode character '\u5b58' in position 6: Illegal byte sequence
2018-06-04 16:14:17,850 [Thread-3:11040] [blog.views:45] [views:index] [ERROR]- 'NoneType' object has no attribute 'GET'
2018-06-04 16:14:17,902 [Thread-3:11040] [blog.views:45] [views:index] [ERROR]- 'locale' codec can't encode character '\u5b58' in position 6: Illegal byte sequence
2018-06-04 16:14:21,170 [Thread-2:3664] [blog.views:45] [views:index] [ERROR]- 'NoneType' object has no attribute 'GET'
2018-06-04 16:14:21,258 [Thread-2:3664] [blog.views:45] [views:index] [ERROR]- 'locale' codec can't encode character '\u5b58' in position 6: Illegal byte sequence
2018-06-04 16:14:23,884 [Thread-3:11356] [blog.views:45] [views:index] [ERROR]- 'str' object has no attribute 'GET'
2018-06-04 16:14:23,889 [Thread-3:11356] [blog.views:45] [views:index] [ERROR]- 'str' object has no attribute 'META'
2018-06-04 16:16:29,247 [Thread-3:8644] [blog.views:47] [views:index] [ERROR]- 'NoneType' object has no attribute 'GET'
2018-06-04 16:16:29,305 [Thread-3:8644] [blog.views:47] [views:index] [ERROR]- int() argument must be a string, a bytes-like object or a number, not 'HttpResponse'
2018-06-04 16:16:48,802 [Thread-2:6880] [blog.views:45] [views:index] [ERROR]- 'int' object has no attribute 'GET'
2018-06-04 16:16:48,834 [Thread-2:6880] [blog.views:45] [views:index] [ERROR]- 'int' object has no attribute 'META'
2018-06-04 16:16:56,749 [Thread-2:7572] [blog.views:45] [views:index] [ERROR]- 'int' object has no attribute 'GET'
2018-06-04 16:16:56,768 [Thread-2:7572] [blog.views:45] [views:index] [ERROR]- 'int' object has no attribute 'META'
2018-06-04 16:31:24,497 [Thread-8:9128] [blog.views:45] [views:index] [ERROR]- 'int' object has no attribute 'GET'
2018-06-04 16:31:24,501 [Thread-8:9128] [blog.views:45] [views:index] [ERROR]- 'int' object has no attribute 'META'
2018-06-04 16:31:40,868 [Thread-2:10428] [blog.views:45] [views:index] [ERROR]- 'int' object has no attribute 'GET'
2018-06-04 16:31:40,893 [Thread-2:10428] [blog.views:45] [views:index] [ERROR]- 'int' object has no attribute 'META'
2018-06-04 16:43:31,784 [Thread-8:10548] [blog.views:45] [views:index] [ERROR]- 'int' object has no attribute 'GET'
2018-06-04 16:43:31,789 [Thread-8:10548] [blog.views:45] [views:index] [ERROR]- 'int' object has no attribute 'META'
2018-06-04 16:43:41,283 [Thread-9:1196] [blog.views:45] [views:index] [ERROR]- 'int' object has no attribute 'GET'
2018-06-04 16:43:41,288 [Thread-9:1196] [blog.views:45] [views:index] [ERROR]- 'int' object has no attribute 'META'
2018-06-04 16:47:58,881 [Thread-15:8216] [blog.views:45] [views:index] [ERROR]- 'int' object has no attribute 'GET'
2018-06-04 16:47:58,886 [Thread-15:8216] [blog.views:45] [views:index] [ERROR]- 'int' object has no attribute 'META'
2018-06-04 16:47:59,667 [Thread-16:6132] [blog.views:45] [views:index] [ERROR]- 'int' object has no attribute 'GET'
2018-06-04 16:47:59,671 [Thread-16:6132] [blog.views:45] [views:index] [ERROR]- 'int' object has no attribute 'META'
2018-06-04 16:49:19,025 [Thread-21:9156] [blog.views:45] [views:index] [ERROR]- 'int' object has no attribute 'GET'
2018-06-04 16:49:19,028 [Thread-21:9156] [blog.views:45] [views:index] [ERROR]- 'int' object has no attribute 'META'
2018-06-04 16:50:26,886 [Thread-25:7424] [blog.views:45] [views:index] [ERROR]- 'int' object has no attribute 'GET'
2018-06-04 16:50:26,896 [Thread-25:7424] [blog.views:45] [views:index] [ERROR]- 'int' object has no attribute 'META'
2018-06-04 17:02:41,753 [Thread-29:6528] [blog.views:45] [views:index] [ERROR]- 'int' object has no attribute 'GET'
2018-06-04 17:02:41,756 [Thread-29:6528] [blog.views:45] [views:index] [ERROR]- 'int' object has no attribute 'META'
2018-06-04 17:02:43,235 [Thread-30:7996] [blog.views:45] [views:index] [ERROR]- 'int' object has no attribute 'GET'
2018-06-04 17:02:43,239 [Thread-30:7996] [blog.views:45] [views:index] [ERROR]- 'int' object has no attribute 'META'
2018-06-04 17:03:34,193 [Thread-7:1496] [blog.views:45] [views:index] [ERROR]- 'int' object has no attribute 'GET'
2018-06-04 17:03:36,616 [Thread-2:2664] [blog.views:45] [views:index] [ERROR]- 'int' object has no attribute 'GET'
2018-06-04 17:03:36,646 [Thread-2:2664] [blog.views:45] [views:index] [ERROR]- 'int' object has no attribute 'META'
2018-06-04 17:03:51,675 [Thread-2:11312] [blog.views:45] [views:index] [ERROR]- 'int' object has no attribute 'GET'
2018-06-04 17:03:51,694 [Thread-2:11312] [blog.views:45] [views:index] [ERROR]- 'int' object has no attribute 'META'
2018-06-04 17:03:54,544 [Thread-3:2576] [blog.views:45] [views:index] [ERROR]- 'int' object has no attribute 'GET'
2018-06-04 17:03:54,546 [Thread-3:2576] [blog.views:45] [views:index] [ERROR]- 'int' object has no attribute 'META'
2018-06-04 17:04:10,912 [Thread-2:9840] [blog.views:45] [views:index] [ERROR]- 'NoneType' object has no attribute 'GET'
2018-06-04 17:04:10,982 [Thread-2:9840] [blog.views:45] [views:index] [ERROR]- 'locale' codec can't encode character '\u5b58' in position 6: Illegal byte sequence
2018-06-04 17:04:14,630 [Thread-3:5724] [blog.views:45] [views:index] [ERROR]- 'str' object has no attribute 'GET'
2018-06-04 17:04:14,635 [Thread-3:5724] [blog.views:45] [views:index] [ERROR]- 'str' object has no attribute 'META'
2018-06-04 17:04:38,455 [Thread-2:9108] [blog.views:45] [views:index] [ERROR]- 'str' object has no attribute 'GET'
2018-06-04 17:04:38,474 [Thread-2:9108] [blog.views:45] [views:index] [ERROR]- 'str' object has no attribute 'META'
2018-06-04 17:04:42,751 [Thread-3:2252] [blog.views:45] [views:index] [ERROR]- 'int' object has no attribute 'GET'
2018-06-04 17:04:42,754 [Thread-3:2252] [blog.views:45] [views:index] [ERROR]- 'int' object has no attribute 'META'
2018-06-04 17:04:46,094 [Thread-4:11116] [blog.views:45] [views:index] [ERROR]- 'int' object has no attribute 'GET'
2018-06-04 17:04:46,099 [Thread-4:11116] [blog.views:45] [views:index] [ERROR]- 'int' object has no attribute 'META'
2018-06-04 17:04:47,034 [Thread-5:8940] [blog.views:45] [views:index] [ERROR]- 'int' object has no attribute 'GET'
2018-06-04 17:04:47,039 [Thread-5:8940] [blog.views:45] [views:index] [ERROR]- 'int' object has no attribute 'META'
2018-06-04 17:04:47,729 [Thread-6:2392] [blog.views:45] [views:index] [ERROR]- 'int' object has no attribute 'GET'
2018-06-04 17:04:47,734 [Thread-6:2392] [blog.views:45] [views:index] [ERROR]- 'int' object has no attribute 'META'
2018-06-04 17:04:48,932 [Thread-7:6940] [blog.views:45] [views:index] [ERROR]- 'int' object has no attribute 'GET'
2018-06-04 17:04:48,936 [Thread-7:6940] [blog.views:45] [views:index] [ERROR]- 'int' object has no attribute 'META'
2018-06-04 17:04:49,766 [Thread-8:10860] [blog.views:45] [views:index] [ERROR]- 'int' object has no attribute 'GET'
2018-06-04 17:04:49,769 [Thread-8:10860] [blog.views:45] [views:index] [ERROR]- 'int' object has no attribute 'META'
2018-06-04 17:05:23,707 [Thread-10:10424] [blog.views:45] [views:index] [ERROR]- 'int' object has no attribute 'GET'
2018-06-04 17:05:23,709 [Thread-10:10424] [blog.views:45] [views:index] [ERROR]- 'int' object has no attribute 'META'
2018-06-04 17:05:40,545 [Thread-2:8556] [blog.views:45] [views:index] [ERROR]- 'NoneType' object has no attribute 'GET'
2018-06-04 17:05:40,619 [Thread-2:8556] [blog.views:45] [views:index] [ERROR]- 'locale' codec can't encode character '\u5b58' in position 6: Illegal byte sequence
2018-06-04 17:05:55,754 [Thread-2:4152] [blog.views:45] [views:index] [ERROR]- 'NoneType' object has no attribute 'GET'
2018-06-04 17:05:55,818 [Thread-2:4152] [blog.views:45] [views:index] [ERROR]- 'locale' codec can't encode character '\u5b58' in position 6: Illegal byte sequence
2018-06-04 17:05:57,464 [Thread-3:4916] [blog.views:45] [views:index] [ERROR]- 'str' object has no attribute 'GET'
2018-06-04 17:05:57,467 [Thread-3:4916] [blog.views:45] [views:index] [ERROR]- 'str' object has no attribute 'META'
2018-06-04 17:06:48,436 [Thread-2:6792] [blog.views:45] [views:index] [ERROR]- 'str' object has no attribute 'GET'
2018-06-04 17:06:48,464 [Thread-2:6792] [blog.views:45] [views:index] [ERROR]- 'str' object has no attribute 'META'
2018-06-04 17:06:52,452 [Thread-3:612] [blog.views:45] [views:index] [ERROR]- 'int' object has no attribute 'GET'
2018-06-04 17:06:52,457 [Thread-3:612] [blog.views:45] [views:index] [ERROR]- 'int' object has no attribute 'META'
2018-06-04 17:07:01,969 [Thread-4:9812] [blog.views:45] [views:index] [ERROR]- 'int' object has no attribute 'GET'
2018-06-04 17:07:01,973 [Thread-4:9812] [blog.views:45] [views:index] [ERROR]- 'int' object has no attribute 'META'
2018-06-04 17:07:02,743 [Thread-5:8992] [blog.views:45] [views:index] [ERROR]- 'int' object has no attribute 'GET'
2018-06-04 17:07:02,745 [Thread-5:8992] [blog.views:45] [views:index] [ERROR]- 'int' object has no attribute 'META'
2018-06-04 17:07:04,229 [Thread-9:5516] [blog.views:45] [views:index] [ERROR]- 'int' object has no attribute 'GET'
2018-06-04 17:07:04,234 [Thread-9:5516] [blog.views:45] [views:index] [ERROR]- 'int' object has no attribute 'META'
2018-06-04 17:07:08,894 [Thread-12:10092] [blog.views:45] [views:index] [ERROR]- 'int' object has no attribute 'GET'
2018-06-04 17:07:08,903 [Thread-12:10092] [blog.views:45] [views:index] [ERROR]- 'int' object has no attribute 'META'
2018-06-04 17:08:44,777 [Thread-13:2664] [blog.views:45] [views:index] [ERROR]- 'int' object has no attribute 'GET'
2018-06-04 17:08:44,783 [Thread-13:2664] [blog.views:45] [views:index] [ERROR]- 'int' object has no attribute 'META'
2018-06-04 17:09:11,144 [Thread-17:10748] [blog.views:45] [views:index] [ERROR]- 'int' object has no attribute 'GET'
2018-06-04 17:09:11,148 [Thread-17:10748] [blog.views:45] [views:index] [ERROR]- 'int' object has no attribute 'META'
2018-06-04 17:13:31,158 [Thread-21:6488] [blog.views:45] [views:index] [ERROR]- 'int' object has no attribute 'GET'
2018-06-04 17:13:31,162 [Thread-21:6488] [blog.views:45] [views:index] [ERROR]- 'int' object has no attribute 'META'
2018-06-04 20:58:36,787 [Thread-25:3732] [blog.views:45] [views:index] [ERROR]- 'int' object has no attribute 'GET'
2018-06-04 20:58:36,792 [Thread-25:3732] [blog.views:45] [views:index] [ERROR]- 'int' object has no attribute 'META'
2018-06-04 20:59:49,916 [Thread-49:1340] [blog.views:45] [views:index] [ERROR]- 'int' object has no attribute 'GET'
2018-06-04 20:59:49,918 [Thread-49:1340] [blog.views:45] [views:index] [ERROR]- 'int' object has no attribute 'META'
2018-06-04 21:01:23,371 [Thread-52:10328] [blog.views:45] [views:index] [ERROR]- 'int' object has no attribute 'GET'
2018-06-04 21:01:23,375 [Thread-52:10328] [blog.views:45] [views:index] [ERROR]- 'int' object has no attribute 'META'
2018-06-04 21:02:23,742 [Thread-56:9096] [blog.views:45] [views:index] [ERROR]- 'int' object has no attribute 'GET'
2018-06-04 21:02:23,746 [Thread-56:9096] [blog.views:45] [views:index] [ERROR]- 'int' object has no attribute 'META'
2018-06-04 21:02:24,912 [Thread-57:5192] [blog.views:45] [views:index] [ERROR]- 'int' object has no attribute 'GET'
2018-06-04 21:02:24,916 [Thread-57:5192] [blog.views:45] [views:index] [ERROR]- 'int' object has no attribute 'META'
2018-06-04 21:13:36,119 [Thread-2:2576] [blog.views:48] [views:index] [ERROR]- 'int' object has no attribute 'GET'
2018-06-04 21:13:36,146 [Thread-2:2576] [blog.views:48] [views:index] [ERROR]- 'int' object has no attribute 'META'
2018-06-04 21:15:29,327 [Thread-2:2508] [blog.views:50] [views:index] [ERROR]- 'int' object has no attribute 'GET'
2018-06-04 21:15:29,347 [Thread-2:2508] [blog.views:50] [views:index] [ERROR]- 'int' object has no attribute 'META'
2018-06-04 21:15:35,579 [Thread-3:11256] [blog.views:50] [views:index] [ERROR]- 'int' object has no attribute 'GET'
2018-06-04 21:15:35,583 [Thread-3:11256] [blog.views:50] [views:index] [ERROR]- 'int' object has no attribute 'META'
2018-06-04 21:16:14,937 [Thread-9:2828] [blog.views:50] [views:index] [ERROR]- 'int' object has no attribute 'GET'
2018-06-04 21:16:14,939 [Thread-9:2828] [blog.views:50] [views:index] [ERROR]- 'int' object has no attribute 'META'
2018-06-04 21:16:30,841 [Thread-15:4440] [blog.views:50] [views:index] [ERROR]- 'int' object has no attribute 'GET'
2018-06-04 21:16:30,843 [Thread-15:4440] [blog.views:50] [views:index] [ERROR]- 'int' object has no attribute 'META'
2018-06-04 21:18:12,660 [Thread-2:12128] [blog.views:50] [views:index] [ERROR]- 'int' object has no attribute 'GET'
2018-06-04 21:18:12,680 [Thread-2:12128] [blog.views:50] [views:index] [ERROR]- 'int' object has no attribute 'META'
2018-06-04 21:19:02,984 [Thread-2:3240] [blog.views:53] [views:index] [ERROR]- 'int' object has no attribute 'GET'
2018-06-04 21:19:03,007 [Thread-2:3240] [blog.views:53] [views:index] [ERROR]- 'int' object has no attribute 'META'
2018-06-04 21:22:33,681 [Thread-2:5208] [blog.views:53] [views:index] [ERROR]- 'int' object has no attribute 'GET'
2018-06-04 21:22:33,699 [Thread-2:5208] [blog.views:53] [views:index] [ERROR]- 'int' object has no attribute 'META'
2018-06-04 21:24:04,532 [Thread-2:10584] [blog.views:53] [views:index] [ERROR]- 'int' object has no attribute 'GET'
2018-06-04 21:24:04,560 [Thread-2:10584] [blog.views:53] [views:index] [ERROR]- 'int' object has no attribute 'META'
2018-06-04 21:24:33,792 [Thread-2:648] [blog.views:53] [views:index] [ERROR]- 'int' object has no attribute 'GET'
2018-06-04 21:24:33,818 [Thread-2:648] [blog.views:53] [views:index] [ERROR]- 'int' object has no attribute 'META'
2018-06-04 21:24:48,068 [Thread-6:11640] [blog.views:53] [views:index] [ERROR]- 'int' object has no attribute 'GET'
2018-06-04 21:24:48,071 [Thread-6:11640] [blog.views:53] [views:index] [ERROR]- 'int' object has no attribute 'META'
2018-06-04 21:25:06,531 [Thread-2:8252] [blog.views:53] [views:index] [ERROR]- 'int' object has no attribute 'GET'
2018-06-04 21:25:06,558 [Thread-2:8252] [blog.views:53] [views:index] [ERROR]- 'int' object has no attribute 'META'
2018-06-04 21:25:50,456 [Thread-2:7100] [blog.views:53] [views:index] [ERROR]- 'locale' codec can't encode character '\u5b58' in position 6: Illegal byte sequence
2018-06-04 21:29:32,033 [Thread-2:8984] [blog.views:53] [views:index] [ERROR]- 'str' object has no attribute 'date_publish'
2018-06-04 21:29:40,208 [Thread-3:11536] [blog.views:53] [views:index] [ERROR]- 'str' object has no attribute 'date_publish'
2018-06-04 21:31:59,021 [Thread-2:3252] [blog.views:53] [views:index] [ERROR]- 'str' object has no attribute 'date_publish'
2018-06-04 21:32:00,784 [Thread-3:3056] [blog.views:53] [views:index] [ERROR]- 'str' object has no attribute 'date_publish'
2018-06-04 21:32:32,812 [Thread-9:10768] [blog.views:53] [views:index] [ERROR]- 'str' object has no attribute 'date_publish'
2018-06-04 21:32:35,271 [Thread-10:10100] [blog.views:53] [views:index] [ERROR]- 'str' object has no attribute 'date_publish'
2018-06-04 21:35:26,729 [Thread-2:10400] [blog.views:49] [views:index] [ERROR]- 'int' object has no attribute 'GET'
2018-06-04 21:35:26,756 [Thread-2:10400] [blog.views:49] [views:index] [ERROR]- 'int' object has no attribute 'META'
2018-06-04 21:36:14,730 [Thread-2:1120] [blog.views:47] [views:index] [ERROR]- 'int' object has no attribute 'GET'
2018-06-04 21:36:14,761 [Thread-2:1120] [blog.views:47] [views:index] [ERROR]- 'int' object has no attribute 'META'
2018-06-04 21:36:54,883 [Thread-2:3252] [blog.views:48] [views:index] [ERROR]- 'str' object has no attribute 'distinct_date'
2018-06-04 21:37:04,282 [Thread-3:608] [blog.views:48] [views:index] [ERROR]- 'str' object has no attribute 'distinct_date'
2018-06-04 21:37:16,243 [Thread-2:9952] [blog.views:48] [views:index] [ERROR]- 'int' object has no attribute 'GET'
2018-06-04 21:37:16,268 [Thread-2:9952] [blog.views:48] [views:index] [ERROR]- 'int' object has no attribute 'META'
2018-06-04 21:40:07,838 [Thread-2:5552] [blog.views:47] [views:index] [ERROR]- 'int' object has no attribute 'GET'
2018-06-04 21:40:07,868 [Thread-2:5552] [blog.views:47] [views:index] [ERROR]- 'int' object has no attribute 'META'
2018-06-04 21:41:28,028 [Thread-2:9624] [blog.views:47] [views:index] [ERROR]- 'int' object has no attribute 'GET'
2018-06-04 21:41:28,068 [Thread-2:9624] [blog.views:47] [views:index] [ERROR]- 'int' object has no attribute 'META'
2018-06-04 21:41:29,647 [Thread-3:11020] [blog.views:47] [views:index] [ERROR]- 'int' object has no attribute 'GET'
2018-06-04 21:41:29,650 [Thread-3:11020] [blog.views:47] [views:index] [ERROR]- 'int' object has no attribute 'META'
2018-06-04 21:42:52,463 [Thread-7:11836] [blog.views:47] [views:index] [ERROR]- 'int' object has no attribute 'GET'
2018-06-04 21:42:52,465 [Thread-7:11836] [blog.views:47] [views:index] [ERROR]- 'int' object has no attribute 'META'
2018-06-04 21:42:53,482 [Thread-8:7476] [blog.views:47] [views:index] [ERROR]- 'int' object has no attribute 'GET'
2018-06-04 21:42:53,485 [Thread-8:7476] [blog.views:47] [views:index] [ERROR]- 'int' object has no attribute 'META'
2018-06-04 21:42:54,300 [Thread-9:8008] [blog.views:47] [views:index] [ERROR]- 'int' object has no attribute 'GET'
2018-06-04 21:42:54,304 [Thread-9:8008] [blog.views:47] [views:index] [ERROR]- 'int' object has no attribute 'META'
2018-06-04 21:42:55,248 [Thread-10:7008] [blog.views:47] [views:index] [ERROR]- 'int' object has no attribute 'GET'
2018-06-04 21:42:55,252 [Thread-10:7008] [blog.views:47] [views:index] [ERROR]- 'int' object has no attribute 'META'
2018-06-04 21:42:56,104 [Thread-11:3192] [blog.views:47] [views:index] [ERROR]- 'int' object has no attribute 'GET'
2018-06-04 21:42:56,108 [Thread-11:3192] [blog.views:47] [views:index] [ERROR]- 'int' object has no attribute 'META'
2018-06-04 21:42:57,142 [Thread-12:4916] [blog.views:47] [views:index] [ERROR]- 'int' object has no attribute 'GET'
2018-06-04 21:42:57,146 [Thread-12:4916] [blog.views:47] [views:index] [ERROR]- 'int' object has no attribute 'META'
2018-06-04 21:42:57,631 [Thread-13:3732] [blog.views:47] [views:index] [ERROR]- 'int' object has no attribute 'GET'
2018-06-04 21:42:57,635 [Thread-13:3732] [blog.views:47] [views:index] [ERROR]- 'int' object has no attribute 'META'
2018-06-04 21:46:47,342 [Thread-2:7572] [blog.views:40] [views:index] [ERROR]- 'int' object has no attribute 'GET'
2018-06-04 21:46:47,363 [Thread-2:7572] [blog.views:40] [views:index] [ERROR]- 'int' object has no attribute 'META'
2018-06-04 21:46:48,439 [Thread-3:11012] [blog.views:40] [views:index] [ERROR]- 'int' object has no attribute 'GET'
2018-06-04 21:46:48,443 [Thread-3:11012] [blog.views:40] [views:index] [ERROR]- 'int' object has no attribute 'META'
2018-06-04 21:47:33,360 [Thread-4:5736] [blog.views:40] [views:index] [ERROR]- 'int' object has no attribute 'GET'
2018-06-04 21:47:33,368 [Thread-4:5736] [blog.views:40] [views:index] [ERROR]- 'int' object has no attribute 'META'
2018-06-04 21:47:59,645 [Thread-4:7880] [blog.views:40] [views:index] [ERROR]- 'int' object has no attribute 'GET'
2018-06-04 21:47:59,669 [Thread-4:7880] [blog.views:40] [views:index] [ERROR]- 'int' object has no attribute 'META'
2018-06-04 21:48:01,099 [Thread-5:11768] [blog.views:40] [views:index] [ERROR]- 'int' object has no attribute 'GET'
2018-06-04 21:48:01,102 [Thread-5:11768] [blog.views:40] [views:index] [ERROR]- 'int' object has no attribute 'META'
2018-06-04 21:48:01,942 [Thread-6:12140] [blog.views:40] [views:index] [ERROR]- 'int' object has no attribute 'GET'
2018-06-04 21:48:01,946 [Thread-6:12140] [blog.views:40] [views:index] [ERROR]- 'int' object has no attribute 'META'
2018-06-04 21:48:40,067 [Thread-12:6180] [blog.views:40] [views:index] [ERROR]- 'int' object has no attribute 'GET'
2018-06-04 21:48:40,071 [Thread-12:6180] [blog.views:40] [views:index] [ERROR]- 'int' object has no attribute 'META'
2018-06-04 21:48:41,301 [Thread-13:3796] [blog.views:40] [views:index] [ERROR]- 'int' object has no attribute 'GET'
2018-06-04 21:48:41,304 [Thread-13:3796] [blog.views:40] [views:index] [ERROR]- 'int' object has no attribute 'META'
2018-06-04 21:50:10,984 [Thread-2:10960] [blog.views:40] [views:index] [ERROR]- 'int' object has no attribute 'GET'
2018-06-04 21:50:11,004 [Thread-2:10960] [blog.views:40] [views:index] [ERROR]- 'int' object has no attribute 'META'
2018-06-04 21:50:12,827 [Thread-3:10680] [blog.views:40] [views:index] [ERROR]- 'int' object has no attribute 'GET'
2018-06-04 21:50:12,830 [Thread-3:10680] [blog.views:40] [views:index] [ERROR]- 'int' object has no attribute 'META'
2018-06-04 21:50:13,748 [Thread-4:9004] [blog.views:40] [views:index] [ERROR]- 'int' object has no attribute 'GET'
2018-06-04 21:50:13,751 [Thread-4:9004] [blog.views:40] [views:index] [ERROR]- 'int' object has no attribute 'META'
2018-06-04 21:50:21,056 [Thread-14:7964] [blog.views:40] [views:index] [ERROR]- 'int' object has no attribute 'GET'
2018-06-04 21:50:21,061 [Thread-14:7964] [blog.views:40] [views:index] [ERROR]- 'int' object has no attribute 'META'
2018-06-04 21:50:54,616 [Thread-2:6764] [blog.views:47] [views:index] [ERROR]- 'int' object has no attribute 'GET'
2018-06-04 21:50:54,635 [Thread-2:6764] [blog.views:47] [views:index] [ERROR]- 'int' object has no attribute 'META'
2018-06-04 21:51:16,853 [Thread-2:8304] [blog.views:48] [views:index] [ERROR]- 'int' object has no attribute 'GET'
2018-06-04 21:51:16,882 [Thread-2:8304] [blog.views:48] [views:index] [ERROR]- 'int' object has no attribute 'META'
2018-06-04 21:53:13,793 [Thread-2:2412] [blog.views:34] [views:index] [ERROR]- 'int' object has no attribute 'GET'
2018-06-04 21:53:13,833 [Thread-2:2412] [blog.views:34] [views:index] [ERROR]- 'int' object has no attribute 'META'
2018-06-04 21:53:15,848 [Thread-3:10448] [blog.views:34] [views:index] [ERROR]- 'int' object has no attribute 'GET'
2018-06-04 21:53:15,853 [Thread-3:10448] [blog.views:58] [views:archive] [ERROR]- 'int' object has no attribute 'META'
2018-06-04 21:53:20,055 [Thread-4:7780] [blog.views:34] [views:index] [ERROR]- 'int' object has no attribute 'GET'
2018-06-04 21:53:20,058 [Thread-4:7780] [blog.views:58] [views:archive] [ERROR]- 'int' object has no attribute 'META'
2018-06-04 21:53:21,535 [Thread-5:10868] [blog.views:34] [views:index] [ERROR]- 'int' object has no attribute 'GET'
2018-06-04 21:53:21,537 [Thread-5:10868] [blog.views:58] [views:archive] [ERROR]- 'int' object has no attribute 'META'
2018-06-04 21:53:24,701 [Thread-6:8908] [blog.views:34] [views:index] [ERROR]- 'int' object has no attribute 'GET'
2018-06-04 21:53:24,704 [Thread-6:8908] [blog.views:58] [views:archive] [ERROR]- 'int' object has no attribute 'META'
2018-06-04 21:54:34,790 [Thread-2:8988] [blog.views:34] [views:index] [ERROR]- 'int' object has no attribute 'GET'
2018-06-04 21:54:34,810 [Thread-2:8988] [blog.views:34] [views:index] [ERROR]- 'int' object has no attribute 'META'
2018-06-04 21:54:36,412 [Thread-3:11836] [blog.views:34] [views:index] [ERROR]- 'int' object has no attribute 'GET'
2018-06-04 21:54:36,415 [Thread-3:11836] [blog.views:58] [views:archive] [ERROR]- 'int' object has no attribute 'META'
2018-06-04 21:54:43,367 [Thread-4:1068] [blog.views:34] [views:index] [ERROR]- 'int' object has no attribute 'GET'
2018-06-04 21:54:43,370 [Thread-4:1068] [blog.views:34] [views:index] [ERROR]- 'int' object has no attribute 'META'
2018-06-04 21:54:48,531 [Thread-2:7964] [blog.views:34] [views:index] [ERROR]- 'int' object has no attribute 'GET'
2018-06-04 21:54:48,553 [Thread-2:7964] [blog.views:34] [views:index] [ERROR]- 'int' object has no attribute 'META'
2018-06-04 21:54:50,012 [Thread-3:6800] [blog.views:34] [views:index] [ERROR]- 'int' object has no attribute 'GET'
2018-06-04 21:54:50,016 [Thread-3:6800] [blog.views:58] [views:archive] [ERROR]- 'int' object has no attribute 'META'
2018-06-04 21:56:34,472 [Thread-7:2428] [blog.views:34] [views:index] [ERROR]- 'int' object has no attribute 'GET'
2018-06-04 21:56:34,475 [Thread-7:2428] [blog.views:34] [views:index] [ERROR]- 'int' object has no attribute 'META'
2018-06-04 21:58:38,320 [Thread-9:5184] [blog.views:34] [views:index] [ERROR]- 'int' object has no attribute 'GET'
2018-06-04 21:58:38,322 [Thread-9:5184] [blog.views:34] [views:index] [ERROR]- 'int' object has no attribute 'META'
2018-06-04 21:58:39,780 [Thread-10:8396] [blog.views:34] [views:index] [ERROR]- 'int' object has no attribute 'GET'
2018-06-04 21:58:39,783 [Thread-10:8396] [blog.views:58] [views:archive] [ERROR]- 'int' object has no attribute 'META'
2018-06-04 21:58:59,240 [Thread-11:11448] [blog.views:34] [views:index] [ERROR]- 'int' object has no attribute 'GET'
2018-06-04 21:58:59,243 [Thread-11:11448] [blog.views:58] [views:archive] [ERROR]- 'int' object has no attribute 'META'
2018-06-04 21:59:03,996 [Thread-12:11040] [blog.views:34] [views:index] [ERROR]- 'int' object has no attribute 'GET'
2018-06-04 21:59:03,998 [Thread-12:11040] [blog.views:58] [views:archive] [ERROR]- 'int' object has no attribute 'META'
2018-06-04 21:59:06,393 [Thread-13:11524] [blog.views:34] [views:index] [ERROR]- 'int' object has no attribute 'GET'
2018-06-04 21:59:06,395 [Thread-13:11524] [blog.views:58] [views:archive] [ERROR]- 'int' object has no attribute 'META'
2018-06-04 22:01:17,551 [Thread-2:11276] [blog.views:34] [views:index] [ERROR]- 'int' object has no attribute 'GET'
2018-06-04 22:01:17,575 [Thread-2:11276] [blog.views:58] [views:archive] [ERROR]- 'int' object has no attribute 'META'
2018-06-04 22:01:20,174 [Thread-3:8832] [blog.views:34] [views:index] [ERROR]- 'int' object has no attribute 'GET'
2018-06-04 22:01:20,176 [Thread-3:8832] [blog.views:58] [views:archive] [ERROR]- 'int' object has no attribute 'META'
2018-06-04 22:01:39,644 [Thread-2:6420] [blog.views:34] [views:index] [ERROR]- 'int' object has no attribute 'GET'
2018-06-04 22:01:39,670 [Thread-2:6420] [blog.views:58] [views:archive] [ERROR]- 'int' object has no attribute 'META'
2018-06-04 22:01:51,293 [Thread-2:9200] [blog.views:34] [views:index] [ERROR]- 'NoneType' object has no attribute 'GET'
2018-06-04 22:01:55,158 [Thread-3:11628] [blog.views:34] [views:index] [ERROR]- 'NoneType' object has no attribute 'GET'
2018-06-04 22:01:57,470 [Thread-4:6928] [blog.views:34] [views:index] [ERROR]- 'NoneType' object has no attribute 'GET'
2018-06-04 22:02:00,039 [Thread-5:11348] [blog.views:34] [views:index] [ERROR]- 'NoneType' object has no attribute 'GET'
2018-06-04 22:02:08,135 [Thread-8:2416] [blog.views:34] [views:index] [ERROR]- 'NoneType' object has no attribute 'GET'
2018-06-04 22:02:11,554 [Thread-2:6524] [blog.views:34] [views:index] [ERROR]- 'NoneType' object has no attribute 'GET'
2018-06-04 22:02:15,508 [Thread-3:7356] [blog.views:34] [views:index] [ERROR]- 'NoneType' object has no attribute 'GET'
2018-06-04 22:02:27,039 [Thread-2:6028] [blog.views:34] [views:index] [ERROR]- 'int' object has no attribute 'GET'
2018-06-04 22:02:27,074 [Thread-2:6028] [blog.views:58] [views:archive] [ERROR]- 'int' object has no attribute 'META'
2018-06-04 22:02:31,373 [Thread-3:4916] [blog.views:34] [views:index] [ERROR]- 'int' object has no attribute 'GET'
2018-06-04 22:02:31,377 [Thread-3:4916] [blog.views:58] [views:archive] [ERROR]- 'int' object has no attribute 'META'
2018-06-04 22:02:35,090 [Thread-4:7820] [blog.views:34] [views:index] [ERROR]- 'int' object has no attribute 'GET'
2018-06-04 22:02:35,094 [Thread-4:7820] [blog.views:58] [views:archive] [ERROR]- 'int' object has no attribute 'META'
2018-06-04 22:02:48,196 [Thread-2:10920] [blog.views:34] [views:index] [ERROR]- 'int' object has no attribute 'GET'
2018-06-04 22:02:48,216 [Thread-2:10920] [blog.views:58] [views:archive] [ERROR]- 'int' object has no attribute 'META'
2018-06-04 22:02:51,949 [Thread-3:9400] [blog.views:34] [views:index] [ERROR]- 'int' object has no attribute 'GET'
2018-06-04 22:02:51,953 [Thread-3:9400] [blog.views:58] [views:archive] [ERROR]- 'int' object has no attribute 'META'
2018-06-04 22:02:53,981 [Thread-4:8940] [blog.views:34] [views:index] [ERROR]- 'int' object has no attribute 'GET'
2018-06-04 22:02:53,984 [Thread-4:8940] [blog.views:58] [views:archive] [ERROR]- 'int' object has no attribute 'META'
2018-06-04 22:02:56,203 [Thread-5:6520] [blog.views:34] [views:index] [ERROR]- 'int' object has no attribute 'GET'
2018-06-04 22:02:56,206 [Thread-5:6520] [blog.views:58] [views:archive] [ERROR]- 'int' object has no attribute 'META'
2018-06-04 22:03:09,012 [Thread-2:3836] [blog.views:34] [views:index] [ERROR]- 'NoneType' object has no attribute 'GET'
2018-06-04 22:03:10,647 [Thread-3:7408] [blog.views:34] [views:index] [ERROR]- 'NoneType' object has no attribute 'GET'
2018-06-04 22:59:28,098 [Thread-2:8456] [blog.views:39] [views:index] [ERROR]- 'int' object has no attribute 'GET'
2018-06-04 22:59:28,123 [Thread-2:8456] [blog.views:64] [views:archive] [ERROR]- 'int' object has no attribute 'META'
2018-06-04 22:59:29,902 [Thread-3:8604] [blog.views:39] [views:index] [ERROR]- 'int' object has no attribute 'GET'
2018-06-04 22:59:29,906 [Thread-3:8604] [blog.views:64] [views:archive] [ERROR]- 'int' object has no attribute 'META'
2018-06-04 22:59:31,920 [Thread-4:11668] [blog.views:39] [views:index] [ERROR]- 'int' object has no attribute 'GET'
2018-06-04 22:59:31,927 [Thread-4:11668] [blog.views:64] [views:archive] [ERROR]- 'int' object has no attribute 'META'
2018-06-04 22:59:33,929 [Thread-5:11816] [blog.views:39] [views:index] [ERROR]- 'int' object has no attribute 'GET'
2018-06-04 22:59:33,933 [Thread-5:11816] [blog.views:64] [views:archive] [ERROR]- 'int' object has no attribute 'META'
2018-06-04 22:59:35,866 [Thread-6:3736] [blog.views:39] [views:index] [ERROR]- 'int' object has no attribute 'GET'
2018-06-04 22:59:35,868 [Thread-6:3736] [blog.views:64] [views:archive] [ERROR]- 'int' object has no attribute 'META'
2018-06-04 22:59:37,406 [Thread-7:3592] [blog.views:39] [views:index] [ERROR]- 'int' object has no attribute 'GET'
2018-06-04 22:59:37,411 [Thread-7:3592] [blog.views:64] [views:archive] [ERROR]- 'int' object has no attribute 'META'
2018-06-04 23:06:32,940 [Thread-2:11672] [blog.views:39] [views:index] [ERROR]- 'int' object has no attribute 'GET'
2018-06-04 23:06:32,961 [Thread-2:11672] [blog.views:64] [views:archive] [ERROR]- 'int' object has no attribute 'META'
2018-06-04 23:06:36,878 [Thread-3:8208] [blog.views:39] [views:index] [ERROR]- 'int' object has no attribute 'GET'
2018-06-04 23:06:36,882 [Thread-3:8208] [blog.views:39] [views:index] [ERROR]- 'int' object has no attribute 'META'
2018-06-04 23:06:40,155 [Thread-4:9304] [blog.views:39] [views:index] [ERROR]- 'int' object has no attribute 'GET'
2018-06-04 23:06:40,157 [Thread-4:9304] [blog.views:64] [views:archive] [ERROR]- 'int' object has no attribute 'META'
2018-06-04 23:06:42,233 [Thread-5:12964] [blog.views:39] [views:index] [ERROR]- 'int' object has no attribute 'GET'
2018-06-04 23:06:42,237 [Thread-5:12964] [blog.views:64] [views:archive] [ERROR]- 'int' object has no attribute 'META'
2018-06-04 23:10:49,773 [Thread-2:9304] [blog.views:47] [views:archive] [ERROR]- int() argument must be a string, a bytes-like object or a number, not 'NoneType'
2018-06-04 23:10:52,180 [Thread-3:8080] [blog.views:47] [views:archive] [ERROR]- int() argument must be a string, a bytes-like object or a number, not 'NoneType'
2018-06-04 23:10:54,074 [Thread-4:1124] [blog.views:47] [views:archive] [ERROR]- int() argument must be a string, a bytes-like object or a number, not 'NoneType'
2018-06-04 23:10:55,882 [Thread-5:12740] [blog.views:47] [views:archive] [ERROR]- int() argument must be a string, a bytes-like object or a number, not 'NoneType'
2018-06-04 23:10:57,228 [Thread-6:11604] [blog.views:47] [views:archive] [ERROR]- int() argument must be a string, a bytes-like object or a number, not 'NoneType'
2018-06-05 14:58:56,911 [Thread-24:764] [blog.views:95] [views:article] [ERROR]- failure.html
2018-06-05 23:24:47,338 [Thread-29:10832] [blog.views:57] [views:archive] [ERROR]- unsupported operand type(s) for +: 'NoneType' and 'str'
2018-06-05 23:24:48,073 [Thread-36:11488] [blog.views:57] [views:archive] [ERROR]- unsupported operand type(s) for +: 'NoneType' and 'str'
2018-06-05 23:24:53,973 [Thread-51:11972] [blog.views:57] [views:archive] [ERROR]- unsupported operand type(s) for +: 'NoneType' and 'str'
2018-06-05 23:27:37,865 [Thread-78:5124] [blog.views:57] [views:archive] [ERROR]- unsupported operand type(s) for +: 'NoneType' and 'str'
2018-06-05 23:29:46,244 [Thread-37:11984] [blog.views:57] [views:archive] [ERROR]- unsupported operand type(s) for +: 'NoneType' and 'str'
2018-06-06 11:55:58,064 [Thread-24:644] [blog.views:59] [views:archive] [ERROR]- unsupported operand type(s) for +: 'NoneType' and 'str'
2018-06-06 11:56:15,792 [Thread-26:10128] [blog.views:59] [views:archive] [ERROR]- unsupported operand type(s) for +: 'NoneType' and 'str'
2018-06-06 11:56:58,057 [Thread-27:13344] [blog.views:59] [views:archive] [ERROR]- unsupported operand type(s) for +: 'NoneType' and 'str'
2018-06-06 11:56:58,858 [Thread-28:2820] [blog.views:59] [views:archive] [ERROR]- unsupported operand type(s) for +: 'NoneType' and 'str'
2018-06-06 11:57:43,412 [Thread-35:5196] [blog.views:59] [views:archive] [ERROR]- unsupported operand type(s) for +: 'NoneType' and 'str'
2018-06-06 11:58:11,075 [Thread-43:13512] [blog.views:59] [views:archive] [ERROR]- unsupported operand type(s) for +: 'NoneType' and 'str'
2018-06-07 09:46:56,463 [Thread-63:14208] [blog.views:59] [views:archive] [ERROR]- Can't convert 'NoneType' object to str implicitly
2018-06-07 09:46:59,478 [Thread-64:10484] [blog.views:59] [views:archive] [ERROR]- Can't convert 'NoneType' object to str implicitly
2018-06-07 09:47:05,866 [Thread-65:10176] [blog.views:59] [views:archive] [ERROR]- Can't convert 'NoneType' object to str implicitly
2018-06-07 09:56:08,436 [Thread-22:7236] [blog.views:61] [views:archive] [ERROR]- unsupported operand type(s) for +: 'NoneType' and 'str'
2018-06-07 09:56:10,296 [Thread-23:12116] [blog.views:61] [views:archive] [ERROR]- unsupported operand type(s) for +: 'NoneType' and 'str'
2018-06-07 09:56:18,870 [Thread-24:8548] [blog.views:61] [views:archive] [ERROR]- unsupported operand type(s) for +: 'NoneType' and 'str'
2018-06-07 09:56:21,285 [Thread-25:10044] [blog.views:61] [views:archive] [ERROR]- unsupported operand type(s) for +: 'NoneType' and 'str'
2018-06-07 09:56:24,229 [Thread-26:9776] [blog.views:61] [views:archive] [ERROR]- unsupported operand type(s) for +: 'NoneType' and 'str'
2018-06-07 09:56:30,363 [Thread-27:6884] [blog.views:61] [views:archive] [ERROR]- unsupported operand type(s) for +: 'NoneType' and 'str'
2018-06-07 09:56:50,181 [Thread-28:11020] [blog.views:61] [views:archive] [ERROR]- unsupported operand type(s) for +: 'NoneType' and 'str'
2018-06-07 09:57:13,076 [Thread-30:13492] [blog.views:61] [views:archive] [ERROR]- unsupported operand type(s) for +: 'NoneType' and 'str'
2018-06-07 09:57:14,469 [Thread-31:14284] [blog.views:61] [views:archive] [ERROR]- unsupported operand type(s) for +: 'NoneType' and 'str'
2018-06-07 09:57:15,615 [Thread-32:5168] [blog.views:61] [views:archive] [ERROR]- unsupported operand type(s) for +: 'NoneType' and 'str'
2018-06-07 09:57:50,461 [Thread-37:9164] [blog.views:61] [views:archive] [ERROR]- unsupported operand type(s) for +: 'NoneType' and 'str'
2018-06-07 11:28:57,838 [Thread-59:12548] [blog.views:115] [views:article] [ERROR]- invalid literal for int() with base 10: ''
2018-06-07 11:29:07,200 [Thread-60:9492] [blog.views:115] [views:article] [ERROR]- invalid literal for int() with base 10: ''
2018-06-07 15:16:27,159 [Thread-15:13996] [blog.views:60] [views:archive] [ERROR]- unsupported operand type(s) for +: 'NoneType' and 'str'
